
> start
> next start -p 3005

ready - started server on 0.0.0.0:3005, url: http://localhost:3005

> start
> next start -p 3005

ready - started server on 0.0.0.0:3005, url: http://localhost:3005

> start
> next start -p 3005

ready - started server on 0.0.0.0:3005, url: http://localhost:3005

> start
> next start -p 3005

ready - started server on 0.0.0.0:3005, url: http://localhost:3005

> start
> next start -p 3005

ready - started server on 0.0.0.0:3005, url: http://localhost:3005

> start
> next start -p 3005

ready - started server on 0.0.0.0:3005, url: http://localhost:3005

> start
> next start -p 3005

ready - started server on 0.0.0.0:3005, url: http://localhost:3005

> start
> next start -p 3005

ready - started server on 0.0.0.0:3005, url: http://localhost:3005

> chatserver@1.0.0 start
> node server-https.js


> chatserver@1.0.0 start
> node server-https.js


> chatserver@1.0.0 start
> node server-https.js


> chatserver@1.0.0 start
> node server-https.js


> chatserver@1.0.0 start
> node server-https.js


> chatserver@1.0.0 start
> node server-https.js


> chatserver@1.0.0 start
> node server-https.js


> chatserver@1.0.0 start
> node server-https.js


> chatserver@1.0.0 start
> node server-https.js


> chatserver@1.0.0 start
> node server-https.js


> chatserver@1.0.0 start
> node server-https.js


> chatserver@1.0.0 start
> node server-https.js


> chatserver@1.0.0 start
> node server-https.js


> chatserver@1.0.0 start
> node server-https.js


> chatserver@1.0.0 start
> node server-https.js


> chatserver@1.0.0 start
> node server-https.js


> chatserver@1.0.0 start
> node server-https.js


> chatserver@1.0.0 start
> node server-https.js


> chatserver@1.0.0 start
> node server-https.js


> chatserver@1.0.0 start
> node server-https.js


> chatserver@1.0.0 start
> node server-https.js


> chatserver@1.0.0 start
> node server-https.js


> chatserver@1.0.0 start
> node server-https.js


> chatserver@1.0.0 start
> node server-https.js


> start
> next start -p 3005


> start
> next start -p 3005


> start
> next start -p 3005


> start
> next start -p 3005


> start
> next start -p 3005


> start
> next start -p 3005


> start
> next start -p 3005


> start
> next start -p 3005


> start
> next start -p 3005


> start
> next start -p 3005


> start
> next start -p 3005


> start
> next start -p 3005

ready - started server on 0.0.0.0:3005, url: http://localhost:3005

> start
> next start -p 3005

ready - started server on 0.0.0.0:3005, url: http://localhost:3005

> start
> next start -p 3005

ready - started server on 0.0.0.0:3005, url: http://localhost:3005

> start
> next start -p 3005

ready - started server on 0.0.0.0:3005, url: http://localhost:3005

> start
> next start -p 3005

ready - started server on 0.0.0.0:3005, url: http://localhost:3005
